# JRE version: Java(TM) SE Runtime Environment (8.0_271-b09) (build 1.8.0_271-b09)
# Java VM: Java HotSpot(TM) 64-Bit Server VM (25.271-b09 mixed mode windows-amd64 compressed oops)
Heap:
 PSYoungGen      total 136704K, used 114080K [0x00000000eb980000, 0x00000000f4880000, 0x0000000100000000)
  eden space 126976K, 88% used [0x00000000eb980000,0x00000000f27a43f8,0x00000000f3580000)
  from space 9728K, 13% used [0x00000000f3f00000,0x00000000f4043ed0,0x00000000f4880000)
  to   space 9728K, 0% used [0x00000000f3580000,0x00000000f3580000,0x00000000f3f00000)
 ParOldGen       total 42496K, used 17126K [0x00000000c2c00000, 0x00000000c5580000, 0x00000000eb980000)
  object space 42496K, 40% used [0x00000000c2c00000,0x00000000c3cb98d0,0x00000000c5580000)
 Metaspace       used 10355K, capacity 10526K, committed 10624K, reserved 1058816K
  class space    used 1282K, capacity 1351K, committed 1408K, reserved 1048576K
GC Heap History (10 events):
Event: 57.978 GC heap before
{Heap before GC invocations=4 (full 0):
 PSYoungGen      total 18432K, used 17607K [0x00000000eb980000, 0x00000000edd80000, 0x0000000100000000)
  eden space 15872K, 100% used [0x00000000eb980000,0x00000000ec900000,0x00000000ec900000)
  from space 2560K, 67% used [0x00000000ec900000,0x00000000ecab1f78,0x00000000ecb80000)
  to   space 2560K, 0% used [0x00000000edb00000,0x00000000edb00000,0x00000000edd80000)
 ParOldGen       total 42496K, used 7980K [0x00000000c2c00000, 0x00000000c5580000, 0x00000000eb980000)
  object space 42496K, 18% used [0x00000000c2c00000,0x00000000c33cb398,0x00000000c5580000)
 Metaspace       used 10203K, capacity 10398K, committed 10624K, reserved 1058816K
  class space    used 1282K, capacity 1351K, committed 1408K, reserved 1048576K
Event: 58.621 GC heap after
Heap after GC invocations=4 (full 0):
 PSYoungGen      total 34304K, used 1703K [0x00000000eb980000, 0x00000000edd80000, 0x0000000100000000)
  eden space 31744K, 0% used [0x00000000eb980000,0x00000000eb980000,0x00000000ed880000)
  from space 2560K, 66% used [0x00000000edb00000,0x00000000edca9f78,0x00000000edd80000)
  to   space 2560K, 0% used [0x00000000ed880000,0x00000000ed880000,0x00000000edb00000)
 ParOldGen       total 42496K, used 11198K [0x00000000c2c00000, 0x00000000c5580000, 0x00000000eb980000)
  object space 42496K, 26% used [0x00000000c2c00000,0x00000000c36ef838,0x00000000c5580000)
 Metaspace       used 10203K, capacity 10398K, committed 10624K, reserved 1058816K
  class space    used 1282K, capacity 1351K, committed 1408K, reserved 1048576K
}
Event: 61.969 GC heap before
{Heap before GC invocations=5 (full 0):
 PSYoungGen      total 34304K, used 33447K [0x00000000eb980000, 0x00000000edd80000, 0x0000000100000000)
  eden space 31744K, 100% used [0x00000000eb980000,0x00000000ed880000,0x00000000ed880000)
  from space 2560K, 66% used [0x00000000edb00000,0x00000000edca9f78,0x00000000edd80000)
  to   space 2560K, 0% used [0x00000000ed880000,0x00000000ed880000,0x00000000edb00000)
 ParOldGen       total 42496K, used 11198K [0x00000000c2c00000, 0x00000000c5580000, 0x00000000eb980000)
  object space 42496K, 26% used [0x00000000c2c00000,0x00000000c36ef838,0x00000000c5580000)
 Metaspace       used 10218K, capacity 10398K, committed 10624K, reserved 1058816K
  class space    used 1282K, capacity 1351K, committed 1408K, reserved 1048576K
Event: 62.144 GC heap after
Heap after GC invocations=5 (full 0):
 PSYoungGen      total 34304K, used 2537K [0x00000000eb980000, 0x00000000f0c80000, 0x0000000100000000)
  eden space 31744K, 0% used [0x00000000eb980000,0x00000000eb980000,0x00000000ed880000)
  from space 2560K, 99% used [0x00000000ed880000,0x00000000edafa6f0,0x00000000edb00000)
  to   space 10752K, 0% used [0x00000000f0200000,0x00000000f0200000,0x00000000f0c80000)
 ParOldGen       total 42496K, used 16113K [0x00000000c2c00000, 0x00000000c5580000, 0x00000000eb980000)
  object space 42496K, 37% used [0x00000000c2c00000,0x00000000c3bbc548,0x00000000c5580000)
 Metaspace       used 10218K, capacity 10398K, committed 10624K, reserved 1058816K
  class space    used 1282K, capacity 1351K, committed 1408K, reserved 1048576K
}
Event: 66.568 GC heap before
{Heap before GC invocations=6 (full 0):
 PSYoungGen      total 34304K, used 34281K [0x00000000eb980000, 0x00000000f0c80000, 0x0000000100000000)
  eden space 31744K, 100% used [0x00000000eb980000,0x00000000ed880000,0x00000000ed880000)
  from space 2560K, 99% used [0x00000000ed880000,0x00000000edafa6f0,0x00000000edb00000)
  to   space 10752K, 0% used [0x00000000f0200000,0x00000000f0200000,0x00000000f0c80000)
 ParOldGen       total 42496K, used 16113K [0x00000000c2c00000, 0x00000000c5580000, 0x00000000eb980000)
  object space 42496K, 37% used [0x00000000c2c00000,0x00000000c3bbc548,0x00000000c5580000)
 Metaspace       used 10236K, capacity 10398K, committed 10624K, reserved 1058816K
  class space    used 1282K, capacity 1351K, committed 1408K, reserved 1048576K
Event: 66.697 GC heap after
Heap after GC invocations=6 (full 0):
 PSYoungGen      total 72192K, used 4921K [0x00000000eb980000, 0x00000000f0a80000, 0x0000000100000000)
  eden space 63488K, 0% used [0x00000000eb980000,0x00000000eb980000,0x00000000ef780000)
  from space 8704K, 56% used [0x00000000f0200000,0x00000000f06ce418,0x00000000f0a80000)
  to   space 9728K, 0% used [0x00000000ef780000,0x00000000ef780000,0x00000000f0100000)
 ParOldGen       total 42496K, used 16113K [0x00000000c2c00000, 0x00000000c5580000, 0x00000000eb980000)
  object space 42496K, 37% used [0x00000000c2c00000,0x00000000c3bbc548,0x00000000c5580000)
 Metaspace       used 10236K, capacity 10398K, committed 10624K, reserved 1058816K
  class space    used 1282K, capacity 1351K, committed 1408K, reserved 1048576K
}
Event: 74.350 GC heap before
{Heap before GC invocations=7 (full 0):
 PSYoungGen      total 72192K, used 68409K [0x00000000eb980000, 0x00000000f0a80000, 0x0000000100000000)
  eden space 63488K, 100% used [0x00000000eb980000,0x00000000ef780000,0x00000000ef780000)
  from space 8704K, 56% used [0x00000000f0200000,0x00000000f06ce418,0x00000000f0a80000)
  to   space 9728K, 0% used [0x00000000ef780000,0x00000000ef780000,0x00000000f0100000)
 ParOldGen       total 42496K, used 16113K [0x00000000c2c00000, 0x00000000c5580000, 0x00000000eb980000)
  object space 42496K, 37% used [0x00000000c2c00000,0x00000000c3bbc548,0x00000000c5580000)
 Metaspace       used 10251K, capacity 10398K, committed 10624K, reserved 1058816K
  class space    used 1282K, capacity 1351K, committed 1408K, reserved 1048576K
Event: 74.432 GC heap after
Heap after GC invocations=7 (full 0):
 PSYoungGen      total 73216K, used 1736K [0x00000000eb980000, 0x00000000f4880000, 0x0000000100000000)
  eden space 63488K, 0% used [0x00000000eb980000,0x00000000eb980000,0x00000000ef780000)
  from space 9728K, 17% used [0x00000000ef780000,0x00000000ef932250,0x00000000f0100000)
  to   space 9728K, 0% used [0x00000000f3f00000,0x00000000f3f00000,0x00000000f4880000)
 ParOldGen       total 42496K, used 17110K [0x00000000c2c00000, 0x00000000c5580000, 0x00000000eb980000)
  object space 42496K, 40% used [0x00000000c2c00000,0x00000000c3cb58d0,0x00000000c5580000)
 Metaspace       used 10251K, capacity 10398K, committed 10624K, reserved 1058816K
  class space    used 1282K, capacity 1351K, committed 1408K, reserved 1048576K
}
Event: 79.036 GC heap before
{Heap before GC invocations=8 (full 0):
 PSYoungGen      total 73216K, used 63629K [0x00000000eb980000, 0x00000000f4880000, 0x0000000100000000)
  eden space 63488K, 97% used [0x00000000eb980000,0x00000000ef5f1300,0x00000000ef780000)
  from space 9728K, 17% used [0x00000000ef780000,0x00000000ef932250,0x00000000f0100000)
  to   space 9728K, 0% used [0x00000000f3f00000,0x00000000f3f00000,0x00000000f4880000)
 ParOldGen       total 42496K, used 17110K [0x00000000c2c00000, 0x00000000c5580000, 0x00000000eb980000)
  object space 42496K, 40% used [0x00000000c2c00000,0x00000000c3cb58d0,0x00000000c5580000)
 Metaspace       used 10286K, capacity 10462K, committed 10624K, reserved 1058816K
  class space    used 1282K, capacity 1351K, committed 1408K, reserved 1048576K
Event: 79.056 GC heap after
Heap after GC invocations=8 (full 0):
 PSYoungGen      total 136704K, used 1295K [0x00000000eb980000, 0x00000000f4880000, 0x0000000100000000)
  eden space 126976K, 0% used [0x00000000eb980000,0x00000000eb980000,0x00000000f3580000)
  from space 9728K, 13% used [0x00000000f3f00000,0x00000000f4043ed0,0x00000000f4880000)
  to   space 9728K, 0% used [0x00000000f3580000,0x00000000f3580000,0x00000000f3f00000)
 ParOldGen       total 42496K, used 17126K [0x00000000c2c00000, 0x00000000c5580000, 0x00000000eb980000)
  object space 42496K, 40% used [0x00000000c2c00000,0x00000000c3cb98d0,0x00000000c5580000)
 Metaspace       used 10286K, capacity 10462K, committed 10624K, reserved 1058816K
  class space    used 1282K, capacity 1351K, committed 1408K, reserved 1048576K
}

